2021-04-17 15:02:42 no password from hardware
2021-04-17 15:03:42 login success from hardware
2021-04-17 15:05:50 login success from website
2021-04-17 15:06:40 no password from hardware
2021-04-17 15:07:02 no password from hardware
2021-04-17 15:07:24 no password from hardware
2021-04-17 15:07:57 no password from hardware
2021-04-17 15:08:15 login fail from hardware password is 11323142
2021-04-17 15:08:18 no password from hardware
2021-04-17 15:08:47 login success from hardware
2021-04-17 15:09:42 login success from hardware
2021-04-17 15:09:43 login success from hardware
2021-04-17 15:09:44 login success from hardware
2021-04-17 15:09:44 login success from hardware
2021-04-17 15:09:44 login success from hardware
2021-04-17 15:09:44 login success from hardware
2021-04-17 15:09:47 login success from website
2021-04-17 15:10:04 no password from hardware
2021-04-17 15:10:04 no password from hardware
2021-04-17 15:10:05 no password from hardware
2021-04-17 15:10:28 no password from hardware
2021-04-17 15:10:33 login success from website
2021-04-17 15:10:51 login success from website
2021-04-17 15:10:54 no password from hardware
2021-04-17 15:10:57 login success from website
2021-04-17 15:11:39 login fail from hardware password is 13323314
2021-04-17 15:11:43 no password from hardware
2021-04-17 15:11:53 no password from hardware
2021-04-17 15:12:23 login fail from hardware password is 13323314
2021-04-17 15:12:28 login fail from hardware password is 13323331
2021-04-17 15:13:30 login success from hardware
2021-04-17 15:13:31 login success from hardware
2021-04-17 15:14:37 login success from website
2021-04-17 15:16:59 no password from hardware
2021-04-17 15:17:29 no password from hardware
2021-04-17 15:17:45 no password from hardware
2021-04-17 15:17:45 no password from hardware
2021-04-17 15:17:46 no password from hardware
2021-04-17 15:17:46 no password from hardware
2021-04-17 15:18:37 no password from hardware
2021-04-17 15:21:46 login fail from hardware password is 11332314
2021-04-17 15:32:10 login fail from hardware password is 13332333
2021-04-17 15:32:52 login success from hardware
2021-04-17 15:36:36 login success from hardware
2021-04-17 15:39:45 login success from hardware
2021-04-17 15:39:50 login success from website
2021-04-17 15:41:29 login fail from hardware password is 33333333
2021-04-17 15:42:29 login success from hardware
2021-04-17 15:42:35 login fail from website password is 1234
2021-04-17 15:47:38 login fail from hardware password is 33211432
2021-04-17 15:51:50 no password from hardware
2021-04-17 15:51:57 no password from hardware
2021-04-17 15:52:11 login success from website
2021-04-17 15:52:29 login success from website
2021-04-17 15:53:16 login success from website
2021-04-17 15:55:30 no password from hardware
2021-04-17 15:55:33 login success from website
2021-04-17 15:55:45 no password from hardware
2021-04-17 15:55:51 no password from hardware
2021-04-17 16:01:55 no password from hardware
2021-04-17 16:02:12 no password from hardware
2021-04-17 16:02:52 login fail from hardware password is 33322211
2021-04-17 16:04:25 login success from hardware
2021-04-17 16:04:34 login success from hardware
2021-04-17 16:04:55 login success from hardware
2021-04-17 16:04:55 login success from hardware
2021-04-17 16:04:57 login success from hardware
2021-04-17 16:04:58 login success from hardware
2021-04-17 16:05:00 login success from hardware
2021-04-17 16:05:00 login success from hardware
2021-04-17 16:05:00 login success from hardware
2021-04-17 16:05:01 login success from hardware
2021-04-17 16:05:02 login success from hardware
2021-04-17 16:05:02 login success from hardware
2021-04-17 16:05:21 login success from hardware
2021-04-17 16:05:39 login success from hardware
2021-04-17 16:05:57 login success from hardware
2021-04-17 16:06:16 login success from hardware
2021-04-17 16:06:48 login success from hardware
2021-04-17 16:06:48 login success from hardware
2021-04-17 16:06:49 login success from hardware
2021-04-17 16:06:49 login success from hardware
2021-04-17 16:06:49 login success from hardware
2021-04-17 16:06:49 login success from hardware
2021-04-17 16:06:50 login success from hardware
2021-04-17 16:06:50 login success from hardware
2021-04-17 16:06:50 login success from hardware
2021-04-17 16:07:00 login success from hardware
2021-04-17 16:07:01 login success from hardware
2021-04-17 16:07:01 login success from hardware
2021-04-17 16:07:01 login success from hardware
2021-04-17 16:07:01 login success from hardware
2021-04-17 16:07:02 login success from hardware
2021-04-17 16:07:02 login success from hardware
2021-04-17 16:07:02 login success from hardware
2021-04-17 16:07:02 login success from hardware
2021-04-17 16:07:02 login success from hardware
2021-04-17 16:07:02 login success from hardware
2021-04-17 16:09:06 login success from hardware
2021-04-17 16:09:56 login success from hardware
2021-04-17 16:12:48 login success from hardware
2021-04-17 16:15:35 login success from hardware
2021-04-17 16:16:18 login success from hardware
2021-04-17 16:17:07 login success from website
2021-04-17 16:19:41 login success from hardware
2021-04-17 16:21:14 login success from hardware
2021-04-17 16:23:03 login success from hardware
2021-04-17 16:24:12 login success from hardware
2021-04-17 16:26:45 login success from hardware
2021-04-17 16:27:52 login success from hardware
2021-04-17 16:30:08 login success from hardware
2021-04-17 16:30:13 login success from website
2021-04-17 16:30:47 login success from hardware
2021-04-17 16:30:52 login success from website
2021-04-17 16:31:01 no password from hardware
2021-04-17 16:31:41 login fail from hardware password is 44444443
2021-04-17 16:32:08 login success from hardware
2021-04-17 16:32:13 login fail from website password is hghfhfh
2021-04-17 16:44:05 login fail from hardware password is 11232344
2021-04-17 16:44:44 no password from hardware
2021-04-17 16:44:56 login success from hardware
2021-04-17 16:45:02 login success from website
2021-04-17 16:54:54 login fail from hardware password is 11112343
2021-04-17 16:55:07 login success from hardware
2021-04-17 16:55:12 login success from website
2021-04-17 16:55:49 login success from hardware
2021-04-17 16:55:53 login success from website
2021-04-17 16:56:08 login fail from hardware password is 13323142
2021-04-17 16:56:21 login success from hardware
2021-04-17 16:56:26 login success from website
2021-04-17 16:56:43 login fail from hardware password is 12222222
2021-04-17 16:56:58 login success from hardware
2021-04-17 16:57:03 login fail from website password is 87654321
2021-04-17 17:07:03 login fail from hardware password is 11332331
2021-04-17 17:08:20 login success from hardware
2021-04-17 17:08:25 login success from website
2021-04-17 17:11:34 login fail from hardware password is 24132233
2021-04-17 17:14:52 login success from hardware
2021-04-17 17:15:01 login fail from website password is 123456
2021-04-17 17:17:48 login success from hardware
2021-04-17 17:17:56 login success from website
2021-04-17 17:36:55 login success from hardware
2021-04-17 17:37:01 login success from website
2021-04-17 17:38:10 login success from hardware
2021-04-17 17:38:15 login success from website
2021-04-17 17:39:26 login success from hardware
2021-04-17 17:39:34 login success from website
2021-04-17 17:45:02 login fail from hardware password is 13232423
2021-04-17 17:45:20 no password from hardware
2021-04-17 17:46:28 login success from hardware
2021-04-17 17:46:34 login success from website
2021-04-17 17:47:16 login success from hardware
2021-04-17 17:47:22 login success from website
2021-04-17 17:47:45 login success from hardware
2021-04-17 17:47:49 login success from website
